MPASM  5.43                   MIDI.READ.2.ASM   2-16-2012  23:34:56         PAGE  1


LOC  OBJECT CODE     LINE SOURCE TEXT
  VALUE

                      00001 ; --- Midi read, without interrupts; 8MHz internal clocking
                      00002 ; At 8MHz/4 instructions per second, that gives 64 instructions between each MIDI bit
                      00003 ; MIDI has 10 bits per transmitted byte, which includes 8 data bits, a stop bit, and a start bit
                      00004 
                      00005 ; Main entry point
                      00006 
                      00007         list    P=PIC16F819
                      00008 
                      00009 #include p16f819.inc
                      00001         LIST
                      00002 
                      00003 ;==========================================================================
                      00004 ;  MPASM PIC16F819 processor include
                      00005 ; 
                      00006 ;  (c) Copyright 1999-2011 Microchip Technology, All rights reserved
                      00007 ;==========================================================================
                      00008 
                      00442         LIST
                      00010 
                      00011 ; ------------------------------------------------------------------------------
                      00012 ; CONFIG
                      00013 ;       - Use internal oscillator, leaing all PORTB ports as I/O
                      00014 ;       - Disable watchdog timer
                      00015 ;
2007   3FF8           00016         __config        _INTRC_IO & _WDT_OFF
                      00017 
                      00018 
                      00019 ; ------------------------------------------------------------------------------
                      00020 ; Variables and Constants
                      00021 ;
  00000000            00022 MIDI    equ     h'00'           ; RB0 is MIDI IN - note this is inverted logic (1 is a 0)
                      00023 
                      00024         cblock  0x20            ; start addresses in user register space
  00000020            00025         W_TMP
  00000021            00026         ST_TMP
  00000022            00027         CNT_START_BIT           ; Counts the number of start bits detected
  00000023            00028         CNT_BITS                ; Counts working bits for each transmitted byte
  00000024            00029         TMP_BYTE                ; Working byte
  00000025            00030         LAST_BYTE               ; Last completed byte
                      00031         endc
                      00032 
                      00033 
                      00034 ; ------------------------------------------------------------------------------
                      00035 ; Main entry and RESET vector
                      00036 ;
                      00037         org     0x0000
0000   2???           00038         call    _SETUP          ; Init hardware
0001   2???           00039         goto    _MAIN           ; Jump to main code defined in Example.asm
                      00040 
                      00041 
                      00042 ; ------------------------------------------------------------------------------
                      00043 ; Interrupt vector
                      00044 ;
MPASM  5.43                   MIDI.READ.2.ASM   2-16-2012  23:34:56         PAGE  2


LOC  OBJECT CODE     LINE SOURCE TEXT
  VALUE

                      00045         org     0x0004
0004   2???           00046         goto    _SERVICE        ; Points to interrupt service routine
                      00047 
                      00048 
                      00049 ; ------------------------------------------------------------------------------
                      00050 ; Dispatcher for interrupt handlers
                      00051 ;
0005                  00052 _SERVICE:
0005   1283 1303      00053         banksel PORTA
0007   2???           00054         call    _SAVE_CONTEXT
                      00055 
                      00056         ; Assumes only one interrupt will be enabled at a time
0008                  00057 _CHECK_TMR0:
                      00058         ;btfsc  INTCON,TMR0IF   ; Check for Timer0 interrupt
                      00059         ;goto   _HANDLE_TMR0
0008                  00060 _CHECK_INT:
                      00061         ;btfsc  INTCON,INTF     ; Check for INT/RB0 interrupt
                      00062         ;goto   _HANDLE_INT
                      00063 
0008                  00064 _UNHANDLED:
                      00065 
0008                  00066 _EXIT_SERVICE:
                      00067         ;bcf    INTCON,INTF     ; clear the INT interrupt
                      00068         ;bcf    INTCON,TMR0IF   ; clear the TMR0 interrupt
                      00069 
0008   2???           00070         call    _RESTORE_CONTEXT
0009   0009           00071         retfie                  ; Service return
                      00072 
                      00073 
                      00074 ; ------------------------------------------------------------------------------
                      00075 ; Context SAVE/RESTORE routines
                      00076 ;
000A                  00077 _SAVE_CONTEXT:
000A   00A0           00078         movwf   W_TMP           ;Copy W to TEMP register
000B   0E03           00079         swapf   STATUS, W       ;Swap status to be saved into W
000C   0183           00080         clrf    STATUS          ;bank 0, regardless of current bank, Clears IRP,RP1,RP0
000D   00A1           00081         movwf   ST_TMP          ;Save status to bank zero STATUS_TEMP register
000E   0008           00082         return
                      00083 
000F                  00084 _RESTORE_CONTEXT:
000F   0E21           00085         SWAPF ST_TMP, W         ;Swap STATUS_TEMP register into W
                      00086                                 ;(sets bank to original state)
0010   0083           00087         MOVWF STATUS            ;Move W into STATUS register
0011   0EA0           00088         SWAPF W_TMP, F          ;Swap W_TEMP
0012   0E20           00089         SWAPF W_TMP, W          ;Swap W_TEMP into W
0013   0008           00090         return
                      00091 
                      00092 
                      00093 ; ------------------------------------------------------------------------------
                      00094 ; Initialize hardware
                      00095 ;
0014                  00096 _SETUP:
                      00097 ; Init clock to 8Mhz => 111
MPASM  5.43                   MIDI.READ.2.ASM   2-16-2012  23:34:56         PAGE  3


LOC  OBJECT CODE     LINE SOURCE TEXT
  VALUE

0014   1683 1303      00098         banksel OSCCON          ; Bank 1, used for all other setup calls
Message[302]: Register in operand not in bank 0.  Ensure that bank bits are correct.
0016   160F           00099         bsf     OSCCON, IRCF0
Message[302]: Register in operand not in bank 0.  Ensure that bank bits are correct.
0017   168F           00100         bsf     OSCCON, IRCF1
Message[302]: Register in operand not in bank 0.  Ensure that bank bits are correct.
0018   170F           00101         bsf     OSCCON, IRCF2
                      00102 
                      00103 ; Init I/O ports
0019   3006           00104         movlw   0x06            ; All digital
Message[302]: Register in operand not in bank 0.  Ensure that bank bits are correct.
001A   009F           00105         movwf   ADCON1
                      00106 
001B   3000           00107         movlw   0x00            ; PORTA - All output
Message[302]: Register in operand not in bank 0.  Ensure that bank bits are correct.
001C   0085           00108         movwf   TRISA
                      00109 
001D   3001           00110         movlw   0x01            ; PORTB - Input only on RB0
Message[302]: Register in operand not in bank 0.  Ensure that bank bits are correct.
001E   0086           00111         movwf   TRISB
                      00112 
                      00113 ; Configure interrupts
001F   138B           00114         bcf     INTCON,GIE      ; Disable interrupts globally
                      00115 
                      00116 ; Init and Clear PORTA
0020   1283 1303      00117         banksel PORTA
0022   0185           00118         clrf    PORTA
                      00119         ;bsf    PORTA,0         ; turn on RA0
                      00120         ;comf   PORTA           ; turn on all bits
                      00121 
                      00122 ; Clear variables
0023   01A2           00123         clrf    CNT_START_BIT
0024   01A3           00124         clrf    CNT_BITS
0025   01A4           00125         clrf    TMP_BYTE
0026   01A5           00126         clrf    LAST_BYTE
0027   0008           00127         return
                      00128 
                      00129 ; ------------------------------------------------------------------------------
                      00130 ; Main code loop
                      00131 ;
0028                  00132 _MAIN:
0028   1283 1303      00133         banksel PORTA
                      00134         ;movf   CNT_START_BIT,W ; Display number of start bits encountered
002A   0825           00135         movf    LAST_BYTE,W
002B   0085           00136         movwf   PORTA
                      00137 
002C   1806           00138         btfsc   PORTB,MIDI      ; Wait for start bit of 0
002D   2???           00139         goto    _MAIN
                      00140         
002E                  00141 _START_BIT:
002E   0AA2           00142         incf    CNT_START_BIT,F
002F   01A4           00143         clrf    TMP_BYTE
                      00144 
MPASM  5.43                   MIDI.READ.2.ASM   2-16-2012  23:34:56         PAGE  4


LOC  OBJECT CODE     LINE SOURCE TEXT
  VALUE

                      00145         ; Burn 10 bits @ 64 ops each
0030   300A           00146         movlw   0x0A
0031   00A3           00147         movwf   CNT_BITS
                      00148 
0032                  00149 _CHECK_BIT_COUNT:
0032   03A3           00150         decf    CNT_BITS,F
0033   1903           00151         btfsc   STATUS,Z
0034   2???           00152         goto    _STOP_BIT
0035                  00153 _READ_BIT:                      ; The fisrt time this reads in the start bit
0035   1003           00154         bcf     STATUS,C        ; Make sure we read in a 0
Message[305]: Using default destination of 1 (file).
0036   0CA4           00155         rrf     TMP_BYTE
0037   1C06           00156         btfss   PORTB,MIDI
0038   2???           00157         goto    _WAIT_FOR_NEXT_BIT
0039   17A4           00158         bsf     TMP_BYTE,7
003A                  00159 _WAIT_FOR_NEXT_BIT:             ; We need to pad out the loop to get back to 32 uS 64 ops = 10 + 54 nop'
                            s
003A   0000           00160         nop
003B   0000           00161         nop
003C   0000           00162         nop
003D   0000           00163         nop
003E   0000           00164         nop
003F   0000           00165         nop
0040   0000           00166         nop
0041   0000           00167         nop
0042   0000           00168         nop
0043   0000           00169         nop
0044   0000           00170         nop
0045   0000           00171         nop
0046   0000           00172         nop
0047   0000           00173         nop
0048   0000           00174         nop
0049   0000           00175         nop
004A   0000           00176         nop
004B   0000           00177         nop
004C   0000           00178         nop
004D   0000           00179         nop
004E   0000           00180         nop
004F   0000           00181         nop
0050   0000           00182         nop
0051   0000           00183         nop
0052   0000           00184         nop
0053   0000           00185         nop
0054   0000           00186         nop
0055   0000           00187         nop
0056   0000           00188         nop
0057   0000           00189         nop
0058   0000           00190         nop
0059   0000           00191         nop
005A   0000           00192         nop
005B   0000           00193         nop
005C   0000           00194         nop
005D   0000           00195         nop
MPASM  5.43                   MIDI.READ.2.ASM   2-16-2012  23:34:56         PAGE  5


LOC  OBJECT CODE     LINE SOURCE TEXT
  VALUE

005E   0000           00196         nop
005F   0000           00197         nop
0060   0000           00198         nop
0061   0000           00199         nop
0062   0000           00200         nop
0063   0000           00201         nop
0064   0000           00202         nop
0065   0000           00203         nop
0066   0000           00204         nop
0067   0000           00205         nop
0068   0000           00206         nop
0069   0000           00207         nop
006A   0000           00208         nop
006B   0000           00209         nop
006C   0000           00210         nop
006D   0000           00211         nop
006E   0000           00212         nop
006F   0000           00213         nop
0070   2???           00214         goto    _CHECK_BIT_COUNT
                      00215 
0071                  00216 _STOP_BIT:
0071   0824           00217         movf    TMP_BYTE,W
0072   00A5           00218         movwf   LAST_BYTE
                      00219 ;       goto    _MAIN
                      00220 
0073                  00221 _HOLD:
0073   0825           00222         movf    LAST_BYTE,W     ; grab and display only the first byte sent
0074   0085           00223         movwf   PORTA
0075   2???           00224         goto _HOLD
                      00225 
3FF8                  00226         end
MPASM  5.43                   MIDI.READ.2.ASM   2-16-2012  23:34:56         PAGE  6


SYMBOL TABLE
  LABEL                             VALUE 

ADCON0                            0000001F
ADCON1                            0000009F
ADCS0                             00000006
ADCS1                             00000007
ADCS2                             00000006
ADFM                              00000007
ADIE                              00000006
ADIF                              00000006
ADON                              00000000
ADRESH                            0000001E
ADRESL                            0000009E
BF                                00000000
C                                 00000000
CCP1CON                           00000017
CCP1IE                            00000002
CCP1IF                            00000002
CCP1M0                            00000000
CCP1M1                            00000001
CCP1M2                            00000002
CCP1M3                            00000003
CCP1X                             00000005
CCP1Y                             00000004
CCPR1                             00000015
CCPR1H                            00000016
CCPR1L                            00000015
CHS0                              00000003
CHS1                              00000004
CHS2                              00000005
CKE                               00000006
CKP                               00000004
CNT_BITS                          00000023
CNT_START_BIT                     00000022
D                                 00000005
DATA_ADDRESS                      00000005
DC                                00000001
D_A                               00000005
D_NOT_A                           00000005
EEADR                             0000010D
EEADRH                            0000010F
EECON1                            0000018C
EECON2                            0000018D
EEDATA                            0000010C
EEDATH                            0000010E
EEIE                              00000004
EEIF                              00000004
EEPGD                             00000007
F                                 00000001
FREE                              00000004
FSR                               00000004
GIE                               00000007
GO                                00000002
GO_DONE                           00000002
GO_NOT_DONE                       00000002
MPASM  5.43                   MIDI.READ.2.ASM   2-16-2012  23:34:56         PAGE  7


SYMBOL TABLE
  LABEL                             VALUE 

I2C_DATA                          00000005
I2C_READ                          00000002
I2C_START                         00000003
I2C_STOP                          00000004
INDF                              00000000
INTCON                            0000000B
INTE                              00000004
INTEDG                            00000006
INTF                              00000001
IOFS                              00000002
IRCF0                             00000004
IRCF1                             00000005
IRCF2                             00000006
IRP                               00000007
LAST_BYTE                         00000025
MIDI                              00000000
NOT_A                             00000005
NOT_ADDRESS                       00000005
NOT_BO                            00000000
NOT_BOR                           00000000
NOT_DONE                          00000002
NOT_PD                            00000003
NOT_POR                           00000001
NOT_RBPU                          00000007
NOT_T1SYNC                        00000002
NOT_TO                            00000004
NOT_W                             00000002
NOT_WRITE                         00000002
OPTION_REG                        00000081
OSCCON                            0000008F
OSCTUNE                           00000090
P                                 00000004
PCFG0                             00000000
PCFG1                             00000001
PCFG2                             00000002
PCFG3                             00000003
PCL                               00000002
PCLATH                            0000000A
PCON                              0000008E
PEIE                              00000006
PIE1                              0000008C
PIE2                              0000008D
PIR1                              0000000C
PIR2                              0000000D
PORTA                             00000005
PORTB                             00000006
PR2                               00000092
PS0                               00000000
PS1                               00000001
PS2                               00000002
PSA                               00000003
R                                 00000002
RA0                               00000000
MPASM  5.43                   MIDI.READ.2.ASM   2-16-2012  23:34:56         PAGE  8


SYMBOL TABLE
  LABEL                             VALUE 

RA1                               00000001
RA2                               00000002
RA3                               00000003
RA4                               00000004
RA5                               00000005
RA6                               00000006
RA7                               00000007
RB0                               00000000
RB1                               00000001
RB2                               00000002
RB3                               00000003
RB4                               00000004
RB5                               00000005
RB6                               00000006
RB7                               00000007
RBIE                              00000003
RBIF                              00000000
RD                                00000000
READ_WRITE                        00000002
RP0                               00000005
RP1                               00000006
R_NOT_W                           00000002
R_W                               00000002
S                                 00000003
SMP                               00000007
SSPADD                            00000093
SSPBUF                            00000013
SSPCON                            00000014
SSPEN                             00000005
SSPIE                             00000003
SSPIF                             00000003
SSPM0                             00000000
SSPM1                             00000001
SSPM2                             00000002
SSPM3                             00000003
SSPOV                             00000006
SSPSTAT                           00000094
STATUS                            00000003
ST_TMP                            00000021
T0CS                              00000005
T0SE                              00000004
T1CKPS0                           00000004
T1CKPS1                           00000005
T1CON                             00000010
T1INSYNC                          00000002
T1OSCEN                           00000003
T2CKPS0                           00000000
T2CKPS1                           00000001
T2CON                             00000012
TMP_BYTE                          00000024
TMR0                              00000001
TMR0IE                            00000005
TMR0IF                            00000002
MPASM  5.43                   MIDI.READ.2.ASM   2-16-2012  23:34:56         PAGE  9


SYMBOL TABLE
  LABEL                             VALUE 

TMR1CS                            00000001
TMR1H                             0000000F
TMR1IE                            00000000
TMR1IF                            00000000
TMR1L                             0000000E
TMR1ON                            00000000
TMR2                              00000011
TMR2IE                            00000001
TMR2IF                            00000001
TMR2ON                            00000002
TOUTPS0                           00000003
TOUTPS1                           00000004
TOUTPS2                           00000005
TOUTPS3                           00000006
TRISA                             00000085
TRISA0                            00000000
TRISA1                            00000001
TRISA2                            00000002
TRISA3                            00000003
TRISA4                            00000004
TRISA5                            00000005
TRISA6                            00000006
TRISA7                            00000007
TRISB                             00000086
TRISB0                            00000000
TRISB1                            00000001
TRISB2                            00000002
TRISB3                            00000003
TRISB4                            00000004
TRISB5                            00000005
TRISB6                            00000006
TRISB7                            00000007
TUN0                              00000000
TUN1                              00000001
TUN2                              00000002
TUN3                              00000003
TUN4                              00000004
TUN5                              00000005
UA                                00000001
W                                 00000000
WCOL                              00000007
WR                                00000001
WREN                              00000002
WRERR                             00000003
W_TMP                             00000020
Z                                 00000002
_BODEN_OFF                        00003FBF
_BODEN_ON                         00003FFF
_BOREN_OFF                        00003FBF
_BOREN_ON                         00003FFF
_CCP1_RB2                         00003FFF
_CCP1_RB3                         00002FFF
_CCPMX_RB2                        00003FFF
MPASM  5.43                   MIDI.READ.2.ASM   2-16-2012  23:34:56         PAGE 10


SYMBOL TABLE
  LABEL                             VALUE 

_CCPMX_RB3                        00002FFF
_CHECK_BIT_COUNT                  00000032
_CHECK_INT                        00000008
_CHECK_TMR0                       00000008
_CONFIG                           00002007
_CPD_OFF                          00003FFF
_CPD_ON                           00003EFF
_CP_ALL                           00001FFF
_CP_OFF                           00003FFF
_CP_ON                            00001FFF
_DEBUG_OFF                        00003FFF
_DEBUG_ON                         000037FF
_DEVID1                           00002006
_EXIT_SERVICE                     00000008
_EXTCLK                           00003FEF
_EXTRC_CLKOUT                     00003FFF
_EXTRC_IO                         00003FFE
_FOSC_EC                          00003FEF
_FOSC_EXTRCCLK                    00003FFF
_FOSC_EXTRCIO                     00003FFE
_FOSC_HS                          00003FEE
_FOSC_INTOSCCLK                   00003FFD
_FOSC_INTOSCIO                    00003FFC
_FOSC_LP                          00003FEC
_FOSC_XT                          00003FED
_HOLD                             00000073
_HS_OSC                           00003FEE
_IDLOC0                           00002000
_IDLOC1                           00002001
_IDLOC2                           00002002
_IDLOC3                           00002003
_INTRC_CLKOUT                     00003FFD
_INTRC_IO                         00003FFC
_LP_OSC                           00003FEC
_LVP_OFF                          00003F7F
_LVP_ON                           00003FFF
_MAIN                             00000028
_MCLRE_OFF                        00003FDF
_MCLRE_ON                         00003FFF
_MCLR_OFF                         00003FDF
_MCLR_ON                          00003FFF
_PWRTE_OFF                        00003FFF
_PWRTE_ON                         00003FF7
_READ_BIT                         00000035
_RESTORE_CONTEXT                  0000000F
_SAVE_CONTEXT                     0000000A
_SERVICE                          00000005
_SETUP                            00000014
_START_BIT                        0000002E
_STOP_BIT                         00000071
_UNHANDLED                        00000008
_WAIT_FOR_NEXT_BIT                0000003A
_WDTE_OFF                         00003FFB
MPASM  5.43                   MIDI.READ.2.ASM   2-16-2012  23:34:56         PAGE 11


SYMBOL TABLE
  LABEL                             VALUE 

_WDTE_ON                          00003FFF
_WDT_OFF                          00003FFB
_WDT_ON                           00003FFF
_WRT_1024                         00003BFF
_WRT_1536                         000039FF
_WRT_512                          00003DFF
_WRT_ENABLE_1024                  00003BFF
_WRT_ENABLE_1536                  000039FF
_WRT_ENABLE_512                   00003DFF
_WRT_ENABLE_OFF                   00003FFF
_WRT_OFF                          00003FFF
_XT_OSC                           00003FED
__16F819                          00000001

Errors   :     0
Warnings :     0 reported,     0 suppressed
Messages :     7 reported,     0 suppressed

