MPASM  5.43                          MAIN.ASM   2-14-2012  22:13:12         PAGE  1


LOC  OBJECT CODE     LINE SOURCE TEXT
  VALUE

                      00001 #include <p16f819.inc>
                      00001         LIST
                      00002 
                      00003 ;==========================================================================
                      00004 ;  MPASM PIC16F819 processor include
                      00005 ; 
                      00006 ;  (c) Copyright 1999-2011 Microchip Technology, All rights reserved
                      00007 ;==========================================================================
                      00008 
                      00442         LIST
                      00002 
                      00003 ; Configuration Requirements
                      00004 ; (note PIC16 uses __CONFIG, PIC18 ues CONFIG
                      00005 ;       - internal clock to 31.25kHz (default)
                      00006 ;       - watch dog timer off (otherwise app won't start)
2007   3FF8           00007     __CONFIG    _INTRC_IO & _WDT_OFF
                      00008 ;__CONFIG    _HS_OSC & _WDT_OFF
                      00009 ;__CONFIG    0x3FF8
                      00010 
                      00011         cblock  0x20    ; start addresses in user register space
  00000020            00012         Delay:2 ; array of two bytes - Delay+0 and Delay+1
                      00013         endc
                      00014 
                      00015         org     0x0000
0000                  00016 _STARTUP:
                      00017         ;pagesel        _MAIN
0000   2???           00018         goto    _MAIN
                      00019 
                      00020         org 0x004               ; interrupt vectors
                      00021         ; no iv's defined
                      00022 
0004                  00023 _MAIN:
                      00024         ; Set Internal Oscillator to max frequency (8Mhz => 111)
0004   1683 1303      00025         banksel OSCCON
Message[302]: Register in operand not in bank 0.  Ensure that bank bits are correct.
0006   160F           00026         bsf     OSCCON, IRCF0
Message[302]: Register in operand not in bank 0.  Ensure that bank bits are correct.
0007   168F           00027         bsf     OSCCON, IRCF1
Message[302]: Register in operand not in bank 0.  Ensure that bank bits are correct.
0008   170F           00028         bsf     OSCCON, IRCF2
                      00029 
                      00030         ; Configure PORTA
0009   1283 1303      00031         banksel PORTA   ; Init and Clear PORTA
000B   0185           00032         clrf    PORTA
000C   0985           00033         comf    PORTA,1 ; compliment PORTA
                      00034 
000D   3006           00035         movlw   0x06    ; All digital
000E   1683 1303      00036         banksel ADCON1
Message[302]: Register in operand not in bank 0.  Ensure that bank bits are correct.
0010   009F           00037         movwf   ADCON1
                      00038 
0011   3000           00039         movlw   0x00    ; All output
0012   1683 1303      00040         banksel TRISA   ; This isn't needed since bank is already set by ADCON1
MPASM  5.43                          MAIN.ASM   2-14-2012  22:13:12         PAGE  2


LOC  OBJECT CODE     LINE SOURCE TEXT
  VALUE

Message[302]: Register in operand not in bank 0.  Ensure that bank bits are correct.
0014   0085           00041         movwf   TRISA
                      00042 
0015                  00043 _DELAY_START:
                      00044         ; Reset 1 second Delay and decrement
0015   1283 1303      00045         banksel Delay
                      00046         ;movlw  0x79    ; 121 multiplier
0017   30FF           00047         movlw   0xFF    ; 255 multiplier
0018   00A1           00048         movwf   Delay+1 ;
                      00049 
0019                  00050 _DELAY_LOOP:
0019   0FA0           00051         incfsz  Delay,1 ; 256 instructions (+3)
001A   2???           00052         goto    _DELAY_LOOP     ; 258 / 31250 = 0.008256s
001B   0BA1           00053         decfsz  Delay+1,1       ; 121 * 0.008256s = about 1s
001C   2???           00054         goto    _DELAY_LOOP
                      00055 
001D                  00056 _TOGGLE:        ; Flip state of all bits on PORTA
001D   1283 1303      00057         banksel PORTA
001F   0985           00058         comf    PORTA,1 ; compliment PORTA
0020   2???           00059         goto    _DELAY_START    ; loop forever
                      00060 
3FF8                  00061         end
MPASM  5.43                          MAIN.ASM   2-14-2012  22:13:12         PAGE  3


SYMBOL TABLE
  LABEL                             VALUE 

ADCON0                            0000001F
ADCON1                            0000009F
ADCS0                             00000006
ADCS1                             00000007
ADCS2                             00000006
ADFM                              00000007
ADIE                              00000006
ADIF                              00000006
ADON                              00000000
ADRESH                            0000001E
ADRESL                            0000009E
BF                                00000000
C                                 00000000
CCP1CON                           00000017
CCP1IE                            00000002
CCP1IF                            00000002
CCP1M0                            00000000
CCP1M1                            00000001
CCP1M2                            00000002
CCP1M3                            00000003
CCP1X                             00000005
CCP1Y                             00000004
CCPR1                             00000015
CCPR1H                            00000016
CCPR1L                            00000015
CHS0                              00000003
CHS1                              00000004
CHS2                              00000005
CKE                               00000006
CKP                               00000004
D                                 00000005
DATA_ADDRESS                      00000005
DC                                00000001
D_A                               00000005
D_NOT_A                           00000005
Delay                             00000020
EEADR                             0000010D
EEADRH                            0000010F
EECON1                            0000018C
EECON2                            0000018D
EEDATA                            0000010C
EEDATH                            0000010E
EEIE                              00000004
EEIF                              00000004
EEPGD                             00000007
F                                 00000001
FREE                              00000004
FSR                               00000004
GIE                               00000007
GO                                00000002
GO_DONE                           00000002
GO_NOT_DONE                       00000002
I2C_DATA                          00000005
MPASM  5.43                          MAIN.ASM   2-14-2012  22:13:12         PAGE  4


SYMBOL TABLE
  LABEL                             VALUE 

I2C_READ                          00000002
I2C_START                         00000003
I2C_STOP                          00000004
INDF                              00000000
INTCON                            0000000B
INTE                              00000004
INTEDG                            00000006
INTF                              00000001
IOFS                              00000002
IRCF0                             00000004
IRCF1                             00000005
IRCF2                             00000006
IRP                               00000007
NOT_A                             00000005
NOT_ADDRESS                       00000005
NOT_BO                            00000000
NOT_BOR                           00000000
NOT_DONE                          00000002
NOT_PD                            00000003
NOT_POR                           00000001
NOT_RBPU                          00000007
NOT_T1SYNC                        00000002
NOT_TO                            00000004
NOT_W                             00000002
NOT_WRITE                         00000002
OPTION_REG                        00000081
OSCCON                            0000008F
OSCTUNE                           00000090
P                                 00000004
PCFG0                             00000000
PCFG1                             00000001
PCFG2                             00000002
PCFG3                             00000003
PCL                               00000002
PCLATH                            0000000A
PCON                              0000008E
PEIE                              00000006
PIE1                              0000008C
PIE2                              0000008D
PIR1                              0000000C
PIR2                              0000000D
PORTA                             00000005
PORTB                             00000006
PR2                               00000092
PS0                               00000000
PS1                               00000001
PS2                               00000002
PSA                               00000003
R                                 00000002
RA0                               00000000
RA1                               00000001
RA2                               00000002
RA3                               00000003
MPASM  5.43                          MAIN.ASM   2-14-2012  22:13:12         PAGE  5


SYMBOL TABLE
  LABEL                             VALUE 

RA4                               00000004
RA5                               00000005
RA6                               00000006
RA7                               00000007
RB0                               00000000
RB1                               00000001
RB2                               00000002
RB3                               00000003
RB4                               00000004
RB5                               00000005
RB6                               00000006
RB7                               00000007
RBIE                              00000003
RBIF                              00000000
RD                                00000000
READ_WRITE                        00000002
RP0                               00000005
RP1                               00000006
R_NOT_W                           00000002
R_W                               00000002
S                                 00000003
SMP                               00000007
SSPADD                            00000093
SSPBUF                            00000013
SSPCON                            00000014
SSPEN                             00000005
SSPIE                             00000003
SSPIF                             00000003
SSPM0                             00000000
SSPM1                             00000001
SSPM2                             00000002
SSPM3                             00000003
SSPOV                             00000006
SSPSTAT                           00000094
STATUS                            00000003
T0CS                              00000005
T0SE                              00000004
T1CKPS0                           00000004
T1CKPS1                           00000005
T1CON                             00000010
T1INSYNC                          00000002
T1OSCEN                           00000003
T2CKPS0                           00000000
T2CKPS1                           00000001
T2CON                             00000012
TMR0                              00000001
TMR0IE                            00000005
TMR0IF                            00000002
TMR1CS                            00000001
TMR1H                             0000000F
TMR1IE                            00000000
TMR1IF                            00000000
TMR1L                             0000000E
MPASM  5.43                          MAIN.ASM   2-14-2012  22:13:12         PAGE  6


SYMBOL TABLE
  LABEL                             VALUE 

TMR1ON                            00000000
TMR2                              00000011
TMR2IE                            00000001
TMR2IF                            00000001
TMR2ON                            00000002
TOUTPS0                           00000003
TOUTPS1                           00000004
TOUTPS2                           00000005
TOUTPS3                           00000006
TRISA                             00000085
TRISA0                            00000000
TRISA1                            00000001
TRISA2                            00000002
TRISA3                            00000003
TRISA4                            00000004
TRISA5                            00000005
TRISA6                            00000006
TRISA7                            00000007
TRISB                             00000086
TRISB0                            00000000
TRISB1                            00000001
TRISB2                            00000002
TRISB3                            00000003
TRISB4                            00000004
TRISB5                            00000005
TRISB6                            00000006
TRISB7                            00000007
TUN0                              00000000
TUN1                              00000001
TUN2                              00000002
TUN3                              00000003
TUN4                              00000004
TUN5                              00000005
UA                                00000001
W                                 00000000
WCOL                              00000007
WR                                00000001
WREN                              00000002
WRERR                             00000003
Z                                 00000002
_BODEN_OFF                        00003FBF
_BODEN_ON                         00003FFF
_BOREN_OFF                        00003FBF
_BOREN_ON                         00003FFF
_CCP1_RB2                         00003FFF
_CCP1_RB3                         00002FFF
_CCPMX_RB2                        00003FFF
_CCPMX_RB3                        00002FFF
_CONFIG                           00002007
_CPD_OFF                          00003FFF
_CPD_ON                           00003EFF
_CP_ALL                           00001FFF
_CP_OFF                           00003FFF
MPASM  5.43                          MAIN.ASM   2-14-2012  22:13:12         PAGE  7


SYMBOL TABLE
  LABEL                             VALUE 

_CP_ON                            00001FFF
_DEBUG_OFF                        00003FFF
_DEBUG_ON                         000037FF
_DELAY_LOOP                       00000019
_DELAY_START                      00000015
_DEVID1                           00002006
_EXTCLK                           00003FEF
_EXTRC_CLKOUT                     00003FFF
_EXTRC_IO                         00003FFE
_FOSC_EC                          00003FEF
_FOSC_EXTRCCLK                    00003FFF
_FOSC_EXTRCIO                     00003FFE
_FOSC_HS                          00003FEE
_FOSC_INTOSCCLK                   00003FFD
_FOSC_INTOSCIO                    00003FFC
_FOSC_LP                          00003FEC
_FOSC_XT                          00003FED
_HS_OSC                           00003FEE
_IDLOC0                           00002000
_IDLOC1                           00002001
_IDLOC2                           00002002
_IDLOC3                           00002003
_INTRC_CLKOUT                     00003FFD
_INTRC_IO                         00003FFC
_LP_OSC                           00003FEC
_LVP_OFF                          00003F7F
_LVP_ON                           00003FFF
_MAIN                             00000004
_MCLRE_OFF                        00003FDF
_MCLRE_ON                         00003FFF
_MCLR_OFF                         00003FDF
_MCLR_ON                          00003FFF
_PWRTE_OFF                        00003FFF
_PWRTE_ON                         00003FF7
_STARTUP                          00000000
_TOGGLE                           0000001D
_WDTE_OFF                         00003FFB
_WDTE_ON                          00003FFF
_WDT_OFF                          00003FFB
_WDT_ON                           00003FFF
_WRT_1024                         00003BFF
_WRT_1536                         000039FF
_WRT_512                          00003DFF
_WRT_ENABLE_1024                  00003BFF
_WRT_ENABLE_1536                  000039FF
_WRT_ENABLE_512                   00003DFF
_WRT_ENABLE_OFF                   00003FFF
_WRT_OFF                          00003FFF
_XT_OSC                           00003FED
__16F819                          00000001

MPASM  5.43                          MAIN.ASM   2-14-2012  22:13:12         PAGE  8





Errors   :     0
Warnings :     0 reported,     0 suppressed
Messages :     5 reported,     0 suppressed

