MPASM  5.43                       SERVICE.ASM   2-22-2012  10:22:26         PAGE  1


LOC  OBJECT CODE     LINE SOURCE TEXT
  VALUE

                      00001 ; Interrupt service handlers
                      00002 
                      00003         LIST   P=PIC16F819
                      00004 
                      00005 #include p16f819.inc
                      00001         LIST
                      00002 
                      00003 ;==========================================================================
                      00004 ;  MPASM PIC16F819 processor include
                      00005 ; 
                      00006 ;  (c) Copyright 1999-2011 Microchip Technology, All rights reserved
                      00007 ;==========================================================================
                      00008 
                      00442         LIST
                      00006 #include inc/vars.inc
                      00001 ; ------------------------------------------------------------------------------
                      00002 ; Variables
                      00003 
                      00004         cblock  0x0020          ; start addresses in user register space
                      00005 
                      00006 ;------ Shared variables
  00000020            00007         CUR_BYTE                ; Completed byte read by service code
                      00008 
                      00009 ;------ service.asm variables
  00000021            00010         W_TMP                   ; Storage for W register during interrupt
  00000022            00011         ST_TMP                  ; Storage for STATUS register during interrupt
  00000023            00012         BITS_READ               ; Holds number of bits left to read
  00000024            00013         TMP_BYTE                ; Working byte being read
  00000025            00014         BIT_READ_FLAGS          ; Flags for status of bit read operationss
                      00015                                 ;       READING - Bits are being read
                      00016                                 ;       NEW_BYTE - A new byte has been written to CUR_BYTE
                      00017 
                      00018 ;------ midi.asm variables
  00000026            00019         CV_MSB                  ; Scaled CV out value (MSB for CCP1RL)
  00000027            00020         CV_LSB                  ; Scaled CV out value (LSB mask for CCP1CON<5:4>)
  00000028            00021         BYTE_COUNT              ; Counts number of bytes received
                      00022 ;------ midi.read.int.asm variables (entry point)
                      00023 
                      00024         endc
                      00025 
                      00026 
                      00027 ; ------------------------------------------------------------------------------
                      00028 ; Constants
                      00029 ;
  00000000            00030 CV_DATA:        equ     0x00    ; EEPROM base Address of CV Controller data lookup
  00000080            00031 CV_NOTE:        equ     0x80    ; EEPROM base Address CV Note data lookup
                      00032 
  000000A0            00033 CLK:            equ     0xA0    ; Peroid for TMR2 and max value for PWM duty cycle
                      00034 
                      00035 ; BIT_READ_FLAGS
  00000000            00036 READING:        equ     0x00
  00000001            00037 NEW_BYTE:       equ     0x01
                      00007 
MPASM  5.43                       SERVICE.ASM   2-22-2012  10:22:26         PAGE  2


LOC  OBJECT CODE     LINE SOURCE TEXT
  VALUE

                      00008 ; ------------------------------------------------------------------------------
                      00009 ; Export global code refs
                      00010 ;
  0000                00011         global  _SERVICE
                      00012 
                      00013 
                      00014 ; ------------------------------------------------------------------------------
                      00015 ; Local Constants
                      00016 
  00000000            00017 MIDI:           equ     h'00'   ; MIDI input on RB0
                      00018 
                      00019 
                      00020 ; ------------------------------------------------------------------------------
                      00021 ; Context SAVE/RESTORE macros
                      00022 ;
                      00023 _SAVE_CTX       macro
                      00024         movwf   W_TMP           ;Copy W to TEMP register
                      00025         swapf   STATUS, W       ;Swap status to be saved into W
                      00026         clrf    STATUS          ;bank 0, regardless of current bank, Clears IRP,RP1,RP0
                      00027         movwf   ST_TMP          ;Save status to bank zero STATUS_TEMP register
                      00028         endm
                      00029 
                      00030 _RESTORE_CTX    macro
                      00031         SWAPF ST_TMP, W         ;Swap STATUS_TEMP register into W
                      00032                                 ;(sets bank to original state)
                      00033         MOVWF STATUS            ;Move W into STATUS register
                      00034         SWAPF W_TMP, F          ;Swap W_TEMP
                      00035         SWAPF W_TMP, W          ;Swap W_TEMP into W
                      00036         endm
                      00037 
                      00038 
                      00039 ; ------------------------------------------------------------------------------
                      00040 ; Dispatcher for interrupt handlers
                      00041 ;
                      00042 .SERVICE        code    ; Relocatable code for interrupt handler
0000                  00043 _SERVICE:
0000   1283 1303      00044         banksel PORTA
                      00045         _SAVE_CTX
0002   00A1               M         movwf   W_TMP           ;Copy W to TEMP register
0003   0E03               M         swapf   STATUS, W       ;Swap status to be saved into W
0004   0183               M         clrf    STATUS          ;bank 0, regardless of current bank, Clears IRP,RP1,RP0
0005   00A2               M         movwf   ST_TMP          ;Save status to bank zero STATUS_TEMP register
                      00046 
                      00047 ; Assumes only one interrupt will be enabled at a time
0006                  00048 _CHECK_TMR:
0006   188C           00049         btfsc   PIR1,TMR2IF     ; Check for Timer2 interrupt
0007   2???           00050         goto    _HANDLE_TMR
0008                  00051 _CHECK_INT:
0008   188B           00052         btfsc   INTCON,INTF     ; Check for INT/RB0 interrupt
0009   2???           00053         goto    _HANDLE_INT
                      00054 
000A                  00055 _EXIT_SERVICE:
                      00056         _RESTORE_CTX
MPASM  5.43                       SERVICE.ASM   2-22-2012  10:22:26         PAGE  3


LOC  OBJECT CODE     LINE SOURCE TEXT
  VALUE

000A   0E22               M         SWAPF ST_TMP, W         ;Swap STATUS_TEMP register into W
                          M                                 ;(sets bank to original state)
000B   0083               M         MOVWF STATUS            ;Move W into STATUS register
000C   0EA1               M         SWAPF W_TMP, F          ;Swap W_TEMP
000D   0E21               M         SWAPF W_TMP, W          ;Swap W_TEMP into W
000E   0009           00057         retfie                  ; Service return
                      00058 
                      00059 
                      00060 
                      00061 ; ------------------------------------------------------------------------------
                      00062 ; Handler for INT/RB0 interrupt
                      00063 ;
000F                  00064 _HANDLE_INT:
000F   1283 1303      00065         banksel PORTA
0011   1825           00066         btfsc   BIT_READ_FLAGS,READING  ; Check bit 0 to see if flag is set
0012   2???           00067         goto    _INT_CLEANUP
                      00068 
                      00069 ; Ensure we have a valid start bit (0)
                      00070 ; We seem to need this since having the timer enabled casues false INT interrupts
0013   1806           00071         btfsc   PORTB,MIDI      ; Read the current MIDI bit
0014   2???           00072         goto    _INT_CLEANUP    ; If bit is not 0, exit handler
                      00073 
                      00074 ; Switch to bit reading mode
0015   3009           00075         movlw   0x09            ; Setup handler to read 9 bits (8 data and one stop bit)
0016   00A3           00076         movwf   BITS_READ       ; Start bit is skipped
0017   01A4           00077         clrf    TMP_BYTE        ; Reset temp byte
0018   1425           00078         bsf     BIT_READ_FLAGS,READING  ; Inidicate that we are now reading bits
                      00079 
0019   0191           00080         clrf    TMR2            ; Reset Timer2 <<- This is critical to ensure timing is accurate!
                      00081         ;bsf    T2CON, TMR2ON   ; Enable Timer2
                      00082 
001A                  00083 _INT_CLEANUP:
001A   108B           00084         bcf     INTCON,INTF     ; clear the INT interrupt
001B   2???           00085         goto    _EXIT_SERVICE
                      00086 
                      00087 
                      00088 ; ------------------------------------------------------------------------------
                      00089 ; Handler for bit Timer interrupt
                      00090 ;
001C                  00091 _HANDLE_TMR:
001C   1283 1303      00092         banksel PORTA
001E   1C25           00093         btfss   BIT_READ_FLAGS,READING  ; Check bit 0 to see if flag is set
001F   2???           00094         goto    _TMR_CLEANUP
                      00095 
                      00096 ; Check to see if we've reached the stop bit
0020   03A3           00097         decf    BITS_READ,F
0021   1903           00098         btfsc   STATUS,Z        
0022   2???           00099         goto    _KILL_TIMER
                      00100 
                      00101         ; Read the current bit into TMP_BYTE
0023   1003           00102         bcf     STATUS,C        ; Ensure carry is cleared
0024   0CA4           00103         rrf     TMP_BYTE,F      ; rotate and add the new bit into TMP_BYTE
0025   1806           00104         btfsc   PORTB,MIDI      ; Read the current MIDI bit
MPASM  5.43                       SERVICE.ASM   2-22-2012  10:22:26         PAGE  4


LOC  OBJECT CODE     LINE SOURCE TEXT
  VALUE

0026   17A4           00105         bsf     TMP_BYTE,7
0027   2???           00106         goto    _TMR_CLEANUP
                      00107 
0028                  00108 _KILL_TIMER:
                      00109         ;bcf    T2CON, TMR2ON   ; Disable Timer2
0028   1025           00110         bcf     BIT_READ_FLAGS,READING  ; Inidicate that we are no longer reading bits
                      00111 
0029   0824           00112         movf    TMP_BYTE,W      ; Publish the built up byte to CUR_BYTE which can be consumed externally
002A   00A0           00113         movwf   CUR_BYTE
                      00114 
002B   14A5           00115         bsf     BIT_READ_FLAGS,NEW_BYTE ; Signal that a new byte is avaialble. We may need to implement 
                            a FIFO queue if we can't process the stream of bytes fast enough.
                      00116 
002C                  00117 _TMR_CLEANUP:
002C   1283 1303      00118         banksel PIR1
002E   108C           00119         bcf     PIR1,TMR2IF     ; Clear TMR2 interrupt
002F   2???           00120         goto    _EXIT_SERVICE
                      00121 
                      00122 
                      00123         end
MPASM  5.43                       SERVICE.ASM   2-22-2012  10:22:26         PAGE  5


SYMBOL TABLE
  LABEL                             VALUE 

ADCON0                            0000001F
ADCON1                            0000009F
ADCS0                             00000006
ADCS1                             00000007
ADCS2                             00000006
ADFM                              00000007
ADIE                              00000006
ADIF                              00000006
ADON                              00000000
ADRESH                            0000001E
ADRESL                            0000009E
BF                                00000000
BITS_READ                         00000023
BIT_READ_FLAGS                    00000025
BYTE_COUNT                        00000028
C                                 00000000
CCP1CON                           00000017
CCP1IE                            00000002
CCP1IF                            00000002
CCP1M0                            00000000
CCP1M1                            00000001
CCP1M2                            00000002
CCP1M3                            00000003
CCP1X                             00000005
CCP1Y                             00000004
CCPR1                             00000015
CCPR1H                            00000016
CCPR1L                            00000015
CHS0                              00000003
CHS1                              00000004
CHS2                              00000005
CKE                               00000006
CKP                               00000004
CLK                               000000A0
CUR_BYTE                          00000020
CV_DATA                           00000000
CV_LSB                            00000027
CV_MSB                            00000026
CV_NOTE                           00000080
D                                 00000005
DATA_ADDRESS                      00000005
DC                                00000001
D_A                               00000005
D_NOT_A                           00000005
EEADR                             0000010D
EEADRH                            0000010F
EECON1                            0000018C
EECON2                            0000018D
EEDATA                            0000010C
EEDATH                            0000010E
EEIE                              00000004
EEIF                              00000004
EEPGD                             00000007
MPASM  5.43                       SERVICE.ASM   2-22-2012  10:22:26         PAGE  6


SYMBOL TABLE
  LABEL                             VALUE 

F                                 00000001
FREE                              00000004
FSR                               00000004
GIE                               00000007
GO                                00000002
GO_DONE                           00000002
GO_NOT_DONE                       00000002
I2C_DATA                          00000005
I2C_READ                          00000002
I2C_START                         00000003
I2C_STOP                          00000004
INDF                              00000000
INTCON                            0000000B
INTE                              00000004
INTEDG                            00000006
INTF                              00000001
IOFS                              00000002
IRCF0                             00000004
IRCF1                             00000005
IRCF2                             00000006
IRP                               00000007
MIDI                              00000000
NEW_BYTE                          00000001
NOT_A                             00000005
NOT_ADDRESS                       00000005
NOT_BO                            00000000
NOT_BOR                           00000000
NOT_DONE                          00000002
NOT_PD                            00000003
NOT_POR                           00000001
NOT_RBPU                          00000007
NOT_T1SYNC                        00000002
NOT_TO                            00000004
NOT_W                             00000002
NOT_WRITE                         00000002
OPTION_REG                        00000081
OSCCON                            0000008F
OSCTUNE                           00000090
P                                 00000004
PCFG0                             00000000
PCFG1                             00000001
PCFG2                             00000002
PCFG3                             00000003
PCL                               00000002
PCLATH                            0000000A
PCON                              0000008E
PEIE                              00000006
PIE1                              0000008C
PIE2                              0000008D
PIR1                              0000000C
PIR2                              0000000D
PORTA                             00000005
PORTB                             00000006
MPASM  5.43                       SERVICE.ASM   2-22-2012  10:22:26         PAGE  7


SYMBOL TABLE
  LABEL                             VALUE 

PR2                               00000092
PS0                               00000000
PS1                               00000001
PS2                               00000002
PSA                               00000003
R                                 00000002
RA0                               00000000
RA1                               00000001
RA2                               00000002
RA3                               00000003
RA4                               00000004
RA5                               00000005
RA6                               00000006
RA7                               00000007
RB0                               00000000
RB1                               00000001
RB2                               00000002
RB3                               00000003
RB4                               00000004
RB5                               00000005
RB6                               00000006
RB7                               00000007
RBIE                              00000003
RBIF                              00000000
RD                                00000000
READING                           00000000
READ_WRITE                        00000002
RP0                               00000005
RP1                               00000006
R_NOT_W                           00000002
R_W                               00000002
S                                 00000003
SMP                               00000007
SSPADD                            00000093
SSPBUF                            00000013
SSPCON                            00000014
SSPEN                             00000005
SSPIE                             00000003
SSPIF                             00000003
SSPM0                             00000000
SSPM1                             00000001
SSPM2                             00000002
SSPM3                             00000003
SSPOV                             00000006
SSPSTAT                           00000094
STATUS                            00000003
ST_TMP                            00000022
T0CS                              00000005
T0SE                              00000004
T1CKPS0                           00000004
T1CKPS1                           00000005
T1CON                             00000010
T1INSYNC                          00000002
MPASM  5.43                       SERVICE.ASM   2-22-2012  10:22:26         PAGE  8


SYMBOL TABLE
  LABEL                             VALUE 

T1OSCEN                           00000003
T2CKPS0                           00000000
T2CKPS1                           00000001
T2CON                             00000012
TMP_BYTE                          00000024
TMR0                              00000001
TMR0IE                            00000005
TMR0IF                            00000002
TMR1CS                            00000001
TMR1H                             0000000F
TMR1IE                            00000000
TMR1IF                            00000000
TMR1L                             0000000E
TMR1ON                            00000000
TMR2                              00000011
TMR2IE                            00000001
TMR2IF                            00000001
TMR2ON                            00000002
TOUTPS0                           00000003
TOUTPS1                           00000004
TOUTPS2                           00000005
TOUTPS3                           00000006
TRISA                             00000085
TRISA0                            00000000
TRISA1                            00000001
TRISA2                            00000002
TRISA3                            00000003
TRISA4                            00000004
TRISA5                            00000005
TRISA6                            00000006
TRISA7                            00000007
TRISB                             00000086
TRISB0                            00000000
TRISB1                            00000001
TRISB2                            00000002
TRISB3                            00000003
TRISB4                            00000004
TRISB5                            00000005
TRISB6                            00000006
TRISB7                            00000007
TUN0                              00000000
TUN1                              00000001
TUN2                              00000002
TUN3                              00000003
TUN4                              00000004
TUN5                              00000005
UA                                00000001
W                                 00000000
WCOL                              00000007
WR                                00000001
WREN                              00000002
WRERR                             00000003
W_TMP                             00000021
MPASM  5.43                       SERVICE.ASM   2-22-2012  10:22:26         PAGE  9


SYMBOL TABLE
  LABEL                             VALUE 

Z                                 00000002
_BODEN_OFF                        00003FBF
_BODEN_ON                         00003FFF
_BOREN_OFF                        00003FBF
_BOREN_ON                         00003FFF
_CCP1_RB2                         00003FFF
_CCP1_RB3                         00002FFF
_CCPMX_RB2                        00003FFF
_CCPMX_RB3                        00002FFF
_CHECK_INT                        00000008
_CHECK_TMR                        00000006
_CONFIG                           00002007
_CPD_OFF                          00003FFF
_CPD_ON                           00003EFF
_CP_ALL                           00001FFF
_CP_OFF                           00003FFF
_CP_ON                            00001FFF
_DEBUG_OFF                        00003FFF
_DEBUG_ON                         000037FF
_DEVID1                           00002006
_EXIT_SERVICE                     0000000A
_EXTCLK                           00003FEF
_EXTRC_CLKOUT                     00003FFF
_EXTRC_IO                         00003FFE
_FOSC_EC                          00003FEF
_FOSC_EXTRCCLK                    00003FFF
_FOSC_EXTRCIO                     00003FFE
_FOSC_HS                          00003FEE
_FOSC_INTOSCCLK                   00003FFD
_FOSC_INTOSCIO                    00003FFC
_FOSC_LP                          00003FEC
_FOSC_XT                          00003FED
_HANDLE_INT                       0000000F
_HANDLE_TMR                       0000001C
_HS_OSC                           00003FEE
_IDLOC0                           00002000
_IDLOC1                           00002001
_IDLOC2                           00002002
_IDLOC3                           00002003
_INTRC_CLKOUT                     00003FFD
_INTRC_IO                         00003FFC
_INT_CLEANUP                      0000001A
_KILL_TIMER                       00000028
_LP_OSC                           00003FEC
_LVP_OFF                          00003F7F
_LVP_ON                           00003FFF
_MCLRE_OFF                        00003FDF
_MCLRE_ON                         00003FFF
_MCLR_OFF                         00003FDF
_MCLR_ON                          00003FFF
_PWRTE_OFF                        00003FFF
_PWRTE_ON                         00003FF7
_RESTORE_CTX                      
MPASM  5.43                       SERVICE.ASM   2-22-2012  10:22:26         PAGE 10


SYMBOL TABLE
  LABEL                             VALUE 

_SAVE_CTX                         
_SERVICE                          00000000
_TMR_CLEANUP                      0000002C
_WDTE_OFF                         00003FFB
_WDTE_ON                          00003FFF
_WDT_OFF                          00003FFB
_WDT_ON                           00003FFF
_WRT_1024                         00003BFF
_WRT_1536                         000039FF
_WRT_512                          00003DFF
_WRT_ENABLE_1024                  00003BFF
_WRT_ENABLE_1536                  000039FF
_WRT_ENABLE_512                   00003DFF
_WRT_ENABLE_OFF                   00003FFF
_WRT_OFF                          00003FFF
_XT_OSC                           00003FED
__16F819                          00000001

Errors   :     0
Warnings :     0 reported,     0 suppressed
Messages :     0 reported,     0 suppressed

