MPASM  5.43                         SETUP.ASM   2-22-2012  10:22:27         PAGE  1


LOC  OBJECT CODE     LINE SOURCE TEXT
  VALUE

                      00001 ; Interrupt service handlers
                      00002 
                      00003         LIST   P=PIC16F819
                      00004 
                      00005 #include p16f819.inc
                      00001         LIST
                      00002 
                      00003 ;==========================================================================
                      00004 ;  MPASM PIC16F819 processor include
                      00005 ; 
                      00006 ;  (c) Copyright 1999-2011 Microchip Technology, All rights reserved
                      00007 ;==========================================================================
                      00008 
                      00442         LIST
                      00006 #include inc/vars.inc
                      00001 ; ------------------------------------------------------------------------------
                      00002 ; Variables
                      00003 
                      00004         cblock  0x0020          ; start addresses in user register space
                      00005 
                      00006 ;------ Shared variables
  00000020            00007         CUR_BYTE                ; Completed byte read by service code
                      00008 
                      00009 ;------ service.asm variables
  00000021            00010         W_TMP                   ; Storage for W register during interrupt
  00000022            00011         ST_TMP                  ; Storage for STATUS register during interrupt
  00000023            00012         BITS_READ               ; Holds number of bits left to read
  00000024            00013         TMP_BYTE                ; Working byte being read
  00000025            00014         BIT_READ_FLAGS          ; Flags for status of bit read operationss
                      00015                                 ;       READING - Bits are being read
                      00016                                 ;       NEW_BYTE - A new byte has been written to CUR_BYTE
                      00017 
                      00018 ;------ midi.asm variables
  00000026            00019         CV_MSB                  ; Scaled CV out value (MSB for CCP1RL)
  00000027            00020         CV_LSB                  ; Scaled CV out value (LSB mask for CCP1CON<5:4>)
  00000028            00021         BYTE_COUNT              ; Counts number of bytes received
                      00022 ;------ midi.read.int.asm variables (entry point)
                      00023 
                      00024         endc
                      00025 
                      00026 
                      00027 ; ------------------------------------------------------------------------------
                      00028 ; Constants
                      00029 ;
  00000000            00030 CV_DATA:        equ     0x00    ; EEPROM base Address of CV Controller data lookup
  00000080            00031 CV_NOTE:        equ     0x80    ; EEPROM base Address CV Note data lookup
                      00032 
  000000A0            00033 CLK:            equ     0xA0    ; Peroid for TMR2 and max value for PWM duty cycle
                      00034 
                      00035 ; BIT_READ_FLAGS
  00000000            00036 READING:        equ     0x00
  00000001            00037 NEW_BYTE:       equ     0x01
                      00007 
MPASM  5.43                         SETUP.ASM   2-22-2012  10:22:27         PAGE  2


LOC  OBJECT CODE     LINE SOURCE TEXT
  VALUE

                      00008 ; ------------------------------------------------------------------------------
                      00009 ; Export global code refs
                      00010 ;
  0000                00011         global  _SETUP
                      00012 
                      00013 
                      00014 ; ------------------------------------------------------------------------------
                      00015 ; Initialize hardware
                      00016 ;
                      00017 .SETUP  code                    ; Relocatable code for setup
0000                  00018 _SETUP: 
                      00019 
                      00020 ; Init I/O ports
0000   1683 1303      00021         banksel ADCON1
0002   3006           00022         movlw   0x06            ; All digital
Message[302]: Register in operand not in bank 0.  Ensure that bank bits are correct.
0003   009F           00023         movwf   ADCON1
                      00024 
0004   3000           00025         movlw   0x00            ; PORTA - All output
Message[302]: Register in operand not in bank 0.  Ensure that bank bits are correct.
0005   0085           00026         movwf   TRISA
                      00027 
0006   3001           00028         movlw   0x01            ; PORTB - Input only on RB0
Message[302]: Register in operand not in bank 0.  Ensure that bank bits are correct.
0007   0086           00029         movwf   TRISB           ; Note RB2 is CV out.  PWM period set by TMR2,
                      00030                                 ; which can't be changed since this also drives
                      00031                                 ; the syncing for the MIDI input. Should be enough for about
                      00032                                 ; 8 bits of resoultion, which should be more than enough for a 0 to 127 
                            control range.
                      00033                                 
0008   1283 1303      00034         banksel CCP1CON         ; Bank0
000A   300F           00035         movlw   b'00001111'     ; Init the two LSB bits of RB2 to 0
000B   0097           00036         movwf   CCP1CON         ; and enable PWM mode
000C   0195           00037         clrf    CCPR1L          ; 
                      00038         ;movlw  CLK             ; Max value of 160 (clock cycle) - with the two LSB's set
                      00039         ;movwf  CCPR1L          ; represents the max voltage (5v). Min voltage is all at 0
                      00040                                 ; TODO: consturcut a lookup table for the 128 CCPR1L and CCP1CON values
                      00041 
                      00042 ; Configure interrupts
000D   1683 1303      00043         banksel OPTION_REG      ; Bank1
000F   160B           00044         bsf     INTCON,INTE     ; Enable interrupt on RB0
Message[302]: Register in operand not in bank 0.  Ensure that bank bits are correct.
0010   1301           00045         bcf     OPTION_REG,INTEDG       ; Tigger on falling edge
                      00046 
Message[302]: Register in operand not in bank 0.  Ensure that bank bits are correct.
0011   148C           00047         bsf     PIE1,TMR2IE     ; Enable Timer2 interrupts
0012   30A0           00048         movlw   CLK             ; Set period to 160 instructions (no post/pre scaler)
Message[302]: Register in operand not in bank 0.  Ensure that bank bits are correct.
0013   0092           00049         movwf   PR2             ; Based on 20MHz clock
0014   1283 1303      00050         banksel T2CON           ; Bank0
                      00051         ;bcf    T2CON,TMR2ON    ; Start with Timer2 disabled, enabled by INT
0016   1512           00052         bsf     T2CON,TMR2ON    ; Keep Timer2 enabled: since this will drive the PWM period for the CV o
                            ut
MPASM  5.43                         SETUP.ASM   2-22-2012  10:22:27         PAGE  3


LOC  OBJECT CODE     LINE SOURCE TEXT
  VALUE

                      00053 
                      00054 ; Init and Clear PORTA
0017   1283 1303      00055         banksel PORTA
0019   0185           00056         clrf    PORTA
                      00057 
001A   01A0           00058         clrf    CUR_BYTE
001B   01A5           00059         clrf    BIT_READ_FLAGS
                      00060 
001C   01A8           00061         clrf    BYTE_COUNT
                      00062 
                      00063 ; Clear then Enable Interrupts
001D   1283 1303      00064         banksel PIR1
001F   108C           00065         bcf     PIR1,TMR2IF     ; Clear TMR2 interrupt
0020   108B           00066         bcf     INTCON,INTF     ; clear the INT interrupt
                      00067 
0021   178B           00068         bsf     INTCON,GIE      ; Enable interrupts globally
0022   170B           00069         bsf     INTCON,PEIE     ; Enable interrupts globally
                      00070 
0023   0008           00071         return
                      00072 
                      00073         end
MPASM  5.43                         SETUP.ASM   2-22-2012  10:22:27         PAGE  4


SYMBOL TABLE
  LABEL                             VALUE 

ADCON0                            0000001F
ADCON1                            0000009F
ADCS0                             00000006
ADCS1                             00000007
ADCS2                             00000006
ADFM                              00000007
ADIE                              00000006
ADIF                              00000006
ADON                              00000000
ADRESH                            0000001E
ADRESL                            0000009E
BF                                00000000
BITS_READ                         00000023
BIT_READ_FLAGS                    00000025
BYTE_COUNT                        00000028
C                                 00000000
CCP1CON                           00000017
CCP1IE                            00000002
CCP1IF                            00000002
CCP1M0                            00000000
CCP1M1                            00000001
CCP1M2                            00000002
CCP1M3                            00000003
CCP1X                             00000005
CCP1Y                             00000004
CCPR1                             00000015
CCPR1H                            00000016
CCPR1L                            00000015
CHS0                              00000003
CHS1                              00000004
CHS2                              00000005
CKE                               00000006
CKP                               00000004
CLK                               000000A0
CUR_BYTE                          00000020
CV_DATA                           00000000
CV_LSB                            00000027
CV_MSB                            00000026
CV_NOTE                           00000080
D                                 00000005
DATA_ADDRESS                      00000005
DC                                00000001
D_A                               00000005
D_NOT_A                           00000005
EEADR                             0000010D
EEADRH                            0000010F
EECON1                            0000018C
EECON2                            0000018D
EEDATA                            0000010C
EEDATH                            0000010E
EEIE                              00000004
EEIF                              00000004
EEPGD                             00000007
MPASM  5.43                         SETUP.ASM   2-22-2012  10:22:27         PAGE  5


SYMBOL TABLE
  LABEL                             VALUE 

F                                 00000001
FREE                              00000004
FSR                               00000004
GIE                               00000007
GO                                00000002
GO_DONE                           00000002
GO_NOT_DONE                       00000002
I2C_DATA                          00000005
I2C_READ                          00000002
I2C_START                         00000003
I2C_STOP                          00000004
INDF                              00000000
INTCON                            0000000B
INTE                              00000004
INTEDG                            00000006
INTF                              00000001
IOFS                              00000002
IRCF0                             00000004
IRCF1                             00000005
IRCF2                             00000006
IRP                               00000007
NEW_BYTE                          00000001
NOT_A                             00000005
NOT_ADDRESS                       00000005
NOT_BO                            00000000
NOT_BOR                           00000000
NOT_DONE                          00000002
NOT_PD                            00000003
NOT_POR                           00000001
NOT_RBPU                          00000007
NOT_T1SYNC                        00000002
NOT_TO                            00000004
NOT_W                             00000002
NOT_WRITE                         00000002
OPTION_REG                        00000081
OSCCON                            0000008F
OSCTUNE                           00000090
P                                 00000004
PCFG0                             00000000
PCFG1                             00000001
PCFG2                             00000002
PCFG3                             00000003
PCL                               00000002
PCLATH                            0000000A
PCON                              0000008E
PEIE                              00000006
PIE1                              0000008C
PIE2                              0000008D
PIR1                              0000000C
PIR2                              0000000D
PORTA                             00000005
PORTB                             00000006
PR2                               00000092
MPASM  5.43                         SETUP.ASM   2-22-2012  10:22:27         PAGE  6


SYMBOL TABLE
  LABEL                             VALUE 

PS0                               00000000
PS1                               00000001
PS2                               00000002
PSA                               00000003
R                                 00000002
RA0                               00000000
RA1                               00000001
RA2                               00000002
RA3                               00000003
RA4                               00000004
RA5                               00000005
RA6                               00000006
RA7                               00000007
RB0                               00000000
RB1                               00000001
RB2                               00000002
RB3                               00000003
RB4                               00000004
RB5                               00000005
RB6                               00000006
RB7                               00000007
RBIE                              00000003
RBIF                              00000000
RD                                00000000
READING                           00000000
READ_WRITE                        00000002
RP0                               00000005
RP1                               00000006
R_NOT_W                           00000002
R_W                               00000002
S                                 00000003
SMP                               00000007
SSPADD                            00000093
SSPBUF                            00000013
SSPCON                            00000014
SSPEN                             00000005
SSPIE                             00000003
SSPIF                             00000003
SSPM0                             00000000
SSPM1                             00000001
SSPM2                             00000002
SSPM3                             00000003
SSPOV                             00000006
SSPSTAT                           00000094
STATUS                            00000003
ST_TMP                            00000022
T0CS                              00000005
T0SE                              00000004
T1CKPS0                           00000004
T1CKPS1                           00000005
T1CON                             00000010
T1INSYNC                          00000002
T1OSCEN                           00000003
MPASM  5.43                         SETUP.ASM   2-22-2012  10:22:27         PAGE  7


SYMBOL TABLE
  LABEL                             VALUE 

T2CKPS0                           00000000
T2CKPS1                           00000001
T2CON                             00000012
TMP_BYTE                          00000024
TMR0                              00000001
TMR0IE                            00000005
TMR0IF                            00000002
TMR1CS                            00000001
TMR1H                             0000000F
TMR1IE                            00000000
TMR1IF                            00000000
TMR1L                             0000000E
TMR1ON                            00000000
TMR2                              00000011
TMR2IE                            00000001
TMR2IF                            00000001
TMR2ON                            00000002
TOUTPS0                           00000003
TOUTPS1                           00000004
TOUTPS2                           00000005
TOUTPS3                           00000006
TRISA                             00000085
TRISA0                            00000000
TRISA1                            00000001
TRISA2                            00000002
TRISA3                            00000003
TRISA4                            00000004
TRISA5                            00000005
TRISA6                            00000006
TRISA7                            00000007
TRISB                             00000086
TRISB0                            00000000
TRISB1                            00000001
TRISB2                            00000002
TRISB3                            00000003
TRISB4                            00000004
TRISB5                            00000005
TRISB6                            00000006
TRISB7                            00000007
TUN0                              00000000
TUN1                              00000001
TUN2                              00000002
TUN3                              00000003
TUN4                              00000004
TUN5                              00000005
UA                                00000001
W                                 00000000
WCOL                              00000007
WR                                00000001
WREN                              00000002
WRERR                             00000003
W_TMP                             00000021
Z                                 00000002
MPASM  5.43                         SETUP.ASM   2-22-2012  10:22:27         PAGE  8


SYMBOL TABLE
  LABEL                             VALUE 

_BODEN_OFF                        00003FBF
_BODEN_ON                         00003FFF
_BOREN_OFF                        00003FBF
_BOREN_ON                         00003FFF
_CCP1_RB2                         00003FFF
_CCP1_RB3                         00002FFF
_CCPMX_RB2                        00003FFF
_CCPMX_RB3                        00002FFF
_CONFIG                           00002007
_CPD_OFF                          00003FFF
_CPD_ON                           00003EFF
_CP_ALL                           00001FFF
_CP_OFF                           00003FFF
_CP_ON                            00001FFF
_DEBUG_OFF                        00003FFF
_DEBUG_ON                         000037FF
_DEVID1                           00002006
_EXTCLK                           00003FEF
_EXTRC_CLKOUT                     00003FFF
_EXTRC_IO                         00003FFE
_FOSC_EC                          00003FEF
_FOSC_EXTRCCLK                    00003FFF
_FOSC_EXTRCIO                     00003FFE
_FOSC_HS                          00003FEE
_FOSC_INTOSCCLK                   00003FFD
_FOSC_INTOSCIO                    00003FFC
_FOSC_LP                          00003FEC
_FOSC_XT                          00003FED
_HS_OSC                           00003FEE
_IDLOC0                           00002000
_IDLOC1                           00002001
_IDLOC2                           00002002
_IDLOC3                           00002003
_INTRC_CLKOUT                     00003FFD
_INTRC_IO                         00003FFC
_LP_OSC                           00003FEC
_LVP_OFF                          00003F7F
_LVP_ON                           00003FFF
_MCLRE_OFF                        00003FDF
_MCLRE_ON                         00003FFF
_MCLR_OFF                         00003FDF
_MCLR_ON                          00003FFF
_PWRTE_OFF                        00003FFF
_PWRTE_ON                         00003FF7
_SETUP                            00000000
_WDTE_OFF                         00003FFB
_WDTE_ON                          00003FFF
_WDT_OFF                          00003FFB
_WDT_ON                           00003FFF
_WRT_1024                         00003BFF
_WRT_1536                         000039FF
_WRT_512                          00003DFF
_WRT_ENABLE_1024                  00003BFF
MPASM  5.43                         SETUP.ASM   2-22-2012  10:22:27         PAGE  9


SYMBOL TABLE
  LABEL                             VALUE 

_WRT_ENABLE_1536                  000039FF
_WRT_ENABLE_512                   00003DFF
_WRT_ENABLE_OFF                   00003FFF
_WRT_OFF                          00003FFF
_XT_OSC                           00003FED
__16F819                          00000001

Errors   :     0
Warnings :     0 reported,     0 suppressed
Messages :     6 reported,     0 suppressed

